0 info it worked if it ends with ok
1 verbose cli [ 'D:\\Program Files\\nodejs\\node.exe',
1 verbose cli   'C:\\Users\\bg204936\\AppData\\Roaming\\npm\\node_modules\\npm\\bin\\npm-cli.js',
1 verbose cli   'run',
1 verbose cli   'test' ]
2 info using npm@3.3.0
3 info using node@v4.0.0
4 verbose run-script [ 'pretest', 'test', 'posttest' ]
5 info pretest arida@0.0.1
6 info test arida@0.0.1
7 verbose unsafe-perm in lifecycle true
8 info arida@0.0.1 Failed to exec test script
9 verbose stack Error: arida@0.0.1 test: `babel-node babel test `
9 verbose stack Exit status 1
9 verbose stack     at EventEmitter.<anonymous> (C:\Users\bg204936\AppData\Roaming\npm\node_modules\npm\lib\utils\lifecycle.js:223:16)
9 verbose stack     at emitTwo (events.js:87:13)
9 verbose stack     at EventEmitter.emit (events.js:172:7)
9 verbose stack     at ChildProcess.<anonymous> (C:\Users\bg204936\AppData\Roaming\npm\node_modules\npm\lib\utils\spawn.js:24:14)
9 verbose stack     at emitTwo (events.js:87:13)
9 verbose stack     at ChildProcess.emit (events.js:172:7)
9 verbose stack     at maybeClose (internal/child_process.js:817:16)
9 verbose stack     at Process.ChildProcess._handle.onexit (internal/child_process.js:211:5)
10 verbose pkgid arida@0.0.1
11 verbose cwd E:\github\arida
12 error Windows_NT 6.1.7601
13 error argv "D:\\Program Files\\nodejs\\node.exe" "C:\\Users\\bg204936\\AppData\\Roaming\\npm\\node_modules\\npm\\bin\\npm-cli.js" "run" "test"
14 error node v4.0.0
15 error npm  v3.3.0
16 error code ELIFECYCLE
17 error arida@0.0.1 test: `babel-node babel test `
17 error Exit status 1
18 error Failed at the arida@0.0.1 test script 'babel-node babel test '.
18 error This is most likely a problem with the arida package,
18 error not with npm itself.
18 error Tell the author that this fails on your system:
18 error     babel-node babel test
18 error You can get their info via:
18 error     npm owner ls arida
18 error There is likely additional logging output above.
19 verbose exit [ 1, true ]
